%!Adobe-FontList 1.16
%Locale:0x409

%BeginFont
Handler:DirectoryHandler
FontType:Type1
FontName:Stilu-Light
FamilyName:Stilu
StyleName:Light
FullName:Stilu Light
MenuName:Stilu Light
StyleBits:0
WritingScript:Roman
OutlineFileName:D:\compendium Folder\Document fonts\Stilu-Light.otf
DataFormat:sfntData
UsesStandardEncoding:yes
isCFF:yes
FileLength:51020
FileModTime:1461912790
WeightClass:300
WidthClass:5
AngleClass:0
NameArray:0,Mac,4,Stilu Light
NameArray:0,Win,1,Stilu Light
NameArray:0,Win,16,Stilu
%EndFont

%BeginFont
Handler:DirectoryHandler
FontType:Type1
FontName:Stilu-Oblique
FamilyName:Stilu
StyleName:Oblique
FullName:Stilu Oblique
MenuName:Stilu
StyleBits:1
WritingScript:Roman
OutlineFileName:D:\compendium Folder\Document fonts\Stilu-Oblique.otf
DataFormat:sfntData
UsesStandardEncoding:yes
isCFF:yes
FileLength:54584
FileModTime:1461912790
WeightClass:400
WidthClass:5
AngleClass:1
NameArray:0,Mac,4,Stilu Oblique
NameArray:0,Win,1,Stilu
%EndFont

%BeginFont
Handler:DirectoryHandler
FontType:Type1
FontName:Stilu-Regular
FamilyName:Stilu
StyleName:Regular
FullName:Stilu
MenuName:Stilu
StyleBits:0
WritingScript:Roman
OutlineFileName:D:\compendium Folder\Document fonts\Stilu-Regular.otf
DataFormat:sfntData
UsesStandardEncoding:yes
isCFF:yes
FileLength:51044
FileModTime:1461912790
WeightClass:400
WidthClass:5
AngleClass:0
NameArray:0,Mac,4,Stilu
NameArray:0,Win,1,Stilu
%EndFont

%BeginFont
Handler:DirectoryHandler
FontType:Type1
FontName:Stilu-SemiBold
FamilyName:Stilu
StyleName:SemiBold
FullName:Stilu SemiBold
MenuName:Stilu SemiBold
StyleBits:0
WritingScript:Roman
OutlineFileName:D:\compendium Folder\Document fonts\Stilu-SemiBold.otf
DataFormat:sfntData
UsesStandardEncoding:yes
isCFF:yes
FileLength:52044
FileModTime:1461912790
WeightClass:600
WidthClass:5
AngleClass:0
NameArray:0,Mac,4,Stilu SemiBold
NameArray:0,Win,1,Stilu SemiBold
NameArray:0,Win,16,Stilu
%EndFont

